<?xml version="1.0" encoding="UTF-8"?>
<!-- Generated by org.testng.reporters.JUnitReportReporter -->
<testsuite hostname="D101008S1L" failures="0" tests="6" name="com.qa.demoCart.tests.LoginPageTest" time="7.798" errors="0" timestamp="10 Apr 2022 14:21:01 GMT" skipped="1">
  <testcase classname="com.qa.demoCart.tests.LoginPageTest" name="VerfiytitlePAge" time="0.034"/>
  <testcase classname="com.qa.demoCart.tests.LoginPageTest" name="getPageUrl" time="0.014"/>
  <testcase classname="com.qa.demoCart.tests.LoginPageTest" name="forgotPasswordLinkExist" time="0.048"/>
  <testcase classname="com.qa.demoCart.tests.LoginPageTest" name="isRegisterLinkExists" time="0.055"/>
  <testcase classname="com.qa.demoCart.tests.LoginPageTest" name="doLoginTest" time="7.647"/>
  <testcase classname="com.qa.demoCart.tests.LoginPageTest" name="navigationRegistationPage">
    <skipped/>
  </testcase> <!-- navigationRegistationPage -->
</testsuite> <!-- com.qa.demoCart.tests.LoginPageTest -->
