<?xml version="1.0" encoding="UTF-8"?>
<!-- Generated by org.testng.reporters.JUnitReportReporter -->
<testsuite hostname="D101008S1L" failures="0" tests="4" name="com.qa.demoCart.tests.ProductInfoTest" time="14.239" errors="0" timestamp="05 Apr 2022 09:35:40 GMT" skipped="0">
  <testcase classname="com.qa.demoCart.tests.ProductInfoTest" name="getProductInfo" time="3.086"/>
  <testcase classname="com.qa.demoCart.tests.ProductInfoTest" name="listOfProducts" time="0.053"/>
  <testcase classname="com.qa.demoCart.tests.ProductInfoTest" name="getProducts" time="0.169"/>
  <testcase classname="com.qa.demoCart.tests.ProductInfoTest" name="verifyProductInfo" time="10.931"/>
</testsuite> <!-- com.qa.demoCart.tests.ProductInfoTest -->
