<?xml version="1.0" encoding="UTF-8"?>
<!-- Generated by org.testng.reporters.JUnitReportReporter -->
<testsuite hostname="D101008S1L" failures="0" tests="4" name="com.qa.demoCart.tests.RegistationTestDataProvider" time="27.443" errors="0" timestamp="11 Apr 2022 03:19:07 GMT" skipped="0">
  <testcase classname="com.qa.demoCart.tests.RegistationTestDataProvider" name="doEnterAllinfo" time="8.424"/>
  <testcase classname="com.qa.demoCart.tests.RegistationTestDataProvider" name="doEnterAllinfo" time="8.546"/>
  <testcase classname="com.qa.demoCart.tests.RegistationTestDataProvider" name="doEnterAllinfo" time="10.321"/>
  <testcase classname="com.qa.demoCart.tests.RegistationTestDataProvider" name="verifyRegistattionPageUrl" time="0.152"/>
</testsuite> <!-- com.qa.demoCart.tests.RegistationTestDataProvider -->
